Sun Sep 1 23:32:54 -03 2019: CAMADA FISICA: Lendo a PDU
Sun Sep 1 23:32:54 -03 2019: CAMADA FISICA: Ip destino é: 127.0.0.1
Sun Sep 1 23:32:54 -03 2019: CAMADA FISICA: Mensagem de payload é: testeMensagemOlaantonio
Sun Sep 1 23:32:54 -03 2019: CAMADA FISICA: O MAC Address de origem é: 94:39:e5:f2:54:99
Sun Sep 1 23:32:54 -03 2019: CAMADA FISICA: A comunicação está sendo feita na mesma máquina
Sun Sep 1 23:32:54 -03 2019: CAMADA FISICA: O MAC Address destino é: 94:39:e5:f2:54:99
Sun Sep 1 23:32:55 -03 2019: CAMADA FISICA: Montando PDU para envio
Sun Sep 1 23:32:55 -03 2019: CAMADA FISICA: O PDU gerado foi: 10010100001110011110010111110010010101001001100110010100001110011110010111110010010101001001100100000000000101110111010001100101011100110111010001100101010011010110010101101110011100110110000101100111011001010110110101001111011011000110000101100001011011100111010001101111011011100110100101101111
Sun Sep 1 23:32:55 -03 2019: CAMADA FISICA: Tentando enviar a pdu
Sun Sep 1 23:32:55 -03 2019: CAMADA FISICA: Enviando a pdu
Sun Sep 1 23:33:00 -03 2019: CAMADA FISICA: PDU Enviada
Sun Sep 1 23:41:54 -03 2019: CAMADA FISICA: Lendo a PDU
Sun Sep 1 23:41:54 -03 2019: CAMADA FISICA: Ip destino é: 127.0.0.1
Sun Sep 1 23:41:54 -03 2019: CAMADA FISICA: Mensagem de payload é: testeMensagemOlaantonio
Sun Sep 1 23:41:54 -03 2019: CAMADA FISICA: O MAC Address de origem é: 94:39:e5:f2:54:99
Sun Sep 1 23:41:54 -03 2019: CAMADA FISICA: A comunicação está sendo feita na mesma máquina
Sun Sep 1 23:41:54 -03 2019: CAMADA FISICA: O MAC Address destino é: 94:39:e5:f2:54:99
Sun Sep 1 23:41:54 -03 2019: CAMADA FISICA: Montando PDU para envio
Sun Sep 1 23:41:54 -03 2019: CAMADA FISICA: O PDU gerado foi: 10010100001110011110010111110010010101001001100110010100001110011110010111110010010101001001100100000000000101110111010001100101011100110111010001100101010011010110010101101110011100110110000101100111011001010110110101001111011011000110000101100001011011100111010001101111011011100110100101101111
Sun Sep 1 23:41:54 -03 2019: CAMADA FISICA: Tentando enviar a pdu
Sun Sep 1 23:41:54 -03 2019: CAMADA FISICA: Enviando a pdu
Sun Sep 1 23:41:59 -03 2019: CAMADA FISICA: PDU Enviada
Sun Sep 1 23:46:35 -03 2019: CAMADA FISICA: Lendo a PDU
Sun Sep 1 23:46:35 -03 2019: CAMADA FISICA: Ip destino é: 127.0.0.1
Sun Sep 1 23:46:35 -03 2019: CAMADA FISICA: Mensagem de payload é: testeMensagemOlaantonio
Sun Sep 1 23:46:35 -03 2019: CAMADA FISICA: O MAC Address de origem é: 94:39:e5:f2:54:99
Sun Sep 1 23:46:35 -03 2019: CAMADA FISICA: A comunicação está sendo feita na mesma máquina
Sun Sep 1 23:46:35 -03 2019: CAMADA FISICA: O MAC Address destino é: 94:39:e5:f2:54:99
Sun Sep 1 23:46:35 -03 2019: CAMADA FISICA: Montando PDU para envio
Sun Sep 1 23:46:35 -03 2019: CAMADA FISICA: O PDU gerado foi: 10010100001110011110010111110010010101001001100110010100001110011110010111110010010101001001100100000000000101110111010001100101011100110111010001100101010011010110010101101110011100110110000101100111011001010110110101001111011011000110000101100001011011100111010001101111011011100110100101101111
Sun Sep 1 23:46:35 -03 2019: CAMADA FISICA: Tentando enviar a pdu
Sun Sep 1 23:46:35 -03 2019: CAMADA FISICA: Erro ao enviar, nova tentativa em 8 segundos...
Sun Sep 1 23:46:43 -03 2019: CAMADA FISICA: Enviando a pdu
Sun Sep 1 23:46:48 -03 2019: CAMADA FISICA: PDU Enviada
