Sun Sep 1 23:53:52 -03 2019: CAMADA FISICA: Lendo a PDU
Sun Sep 1 23:53:52 -03 2019: CAMADA FISICA: Ip destino é: 127.0.0.1
Sun Sep 1 23:53:52 -03 2019: CAMADA FISICA: Mensagem de payload é: testeMensagemOlaantonio
Sun Sep 1 23:53:52 -03 2019: CAMADA FISICA: O MAC Address de origem é: 94:39:e5:f2:54:99
Sun Sep 1 23:53:52 -03 2019: CAMADA FISICA: A comunicação está sendo feita na mesma máquina
Sun Sep 1 23:53:52 -03 2019: CAMADA FISICA: O MAC Address destino é: 94:39:e5:f2:54:99
Sun Sep 1 23:53:52 -03 2019: CAMADA FISICA: Montando PDU para envio
Sun Sep 1 23:53:52 -03 2019: CAMADA FISICA: O PDU gerado foi: 10010100001110011110010111110010010101001001100110010100001110011110010111110010010101001001100100000000000101110111010001100101011100110111010001100101010011010110010101101110011100110110000101100111011001010110110101001111011011000110000101100001011011100111010001101111011011100110100101101111
Sun Sep 1 23:53:52 -03 2019: CAMADA FISICA: Tentando enviar a pdu
Sun Sep 1 23:53:52 -03 2019: CAMADA FISICA: Enviando a pdu
Sun Sep 1 23:53:57 -03 2019: CAMADA FISICA: PDU Enviada
Mon Sep 2 09:23:43 -03 2019: CAMADA FISICA: Lendo a PDU
Mon Sep 2 09:23:43 -03 2019: CAMADA FISICA: Ip destino é: 127.0.0.1
Mon Sep 2 09:23:43 -03 2019: CAMADA FISICA: Mensagem de payload é: testeMensagemOlaantonio
Mon Sep 2 09:23:43 -03 2019: CAMADA FISICA: O MAC Address de origem é: 
Mon Sep 2 09:23:43 -03 2019: CAMADA FISICA: A comunicação está sendo feita na mesma máquina
Mon Sep 2 09:23:43 -03 2019: CAMADA FISICA: O MAC Address destino é: 
Mon Sep 2 09:23:43 -03 2019: CAMADA FISICA: Montando PDU para envio
Mon Sep 2 09:23:43 -03 2019: CAMADA FISICA: O PDU gerado foi: 00000000000101110111010001100101011100110111010001100101010011010110010101101110011100110110000101100111011001010110110101001111011011000110000101100001011011100111010001101111011011100110100101101111
Mon Sep 2 09:23:43 -03 2019: CAMADA FISICA: Tentando enviar a pdu
Mon Sep 2 09:23:43 -03 2019: CAMADA FISICA: Enviando a pdu
Mon Sep 2 09:23:48 -03 2019: CAMADA FISICA: PDU Enviada
Mon Sep 2 09:26:59 -03 2019: CAMADA FISICA: Lendo a PDU
Mon Sep 2 09:26:59 -03 2019: CAMADA FISICA: Ip destino é: localhost
Mon Sep 2 09:26:59 -03 2019: CAMADA FISICA: Mensagem de payload é: testeMensagemOlaantonio
Mon Sep 2 09:26:59 -03 2019: CAMADA FISICA: O MAC Address de origem é: 
Mon Sep 2 09:26:59 -03 2019: CAMADA FISICA: A comunicação está sendo feita na mesma máquina
Mon Sep 2 09:26:59 -03 2019: CAMADA FISICA: O MAC Address destino é: 
Mon Sep 2 09:26:59 -03 2019: CAMADA FISICA: Montando PDU para envio
Mon Sep 2 09:26:59 -03 2019: CAMADA FISICA: O PDU gerado foi: 00000000000101110111010001100101011100110111010001100101010011010110010101101110011100110110000101100111011001010110110101001111011011000110000101100001011011100111010001101111011011100110100101101111
Mon Sep 2 09:26:59 -03 2019: CAMADA FISICA: Tentando enviar a pdu
Mon Sep 2 09:26:59 -03 2019: CAMADA FISICA: Enviando a pdu
Mon Sep 2 09:27:04 -03 2019: CAMADA FISICA: PDU Enviada
Mon Sep 2 09:29:59 -03 2019: CAMADA FISICA: Lendo a PDU
Mon Sep 2 09:29:59 -03 2019: CAMADA FISICA: Ip destino é: localhost
Mon Sep 2 09:29:59 -03 2019: CAMADA FISICA: Mensagem de payload é: testeMensagemOlaantonio
Mon Sep 2 09:29:59 -03 2019: CAMADA FISICA: O MAC Address de origem é: 
Mon Sep 2 09:29:59 -03 2019: CAMADA FISICA: A comunicação está sendo feita na mesma máquina
Mon Sep 2 09:29:59 -03 2019: CAMADA FISICA: O MAC Address destino é: 
Mon Sep 2 09:29:59 -03 2019: CAMADA FISICA: Montando PDU para envio
Mon Sep 2 09:29:59 -03 2019: CAMADA FISICA: O PDU gerado foi: 00000000000101110111010001100101011100110111010001100101010011010110010101101110011100110110000101100111011001010110110101001111011011000110000101100001011011100111010001101111011011100110100101101111
Mon Sep 2 09:29:59 -03 2019: CAMADA FISICA: Tentando enviar a pdu
Mon Sep 2 09:29:59 -03 2019: CAMADA FISICA: Erro ao enviar, nova tentativa em 8 segundos...
Mon Sep 2 09:30:07 -03 2019: CAMADA FISICA: Enviando a pdu
Mon Sep 2 09:30:12 -03 2019: CAMADA FISICA: PDU Enviada
Mon Sep 2 09:36:52 -03 2019: CAMADA FISICA: Lendo a PDU
Mon Sep 2 09:36:52 -03 2019: CAMADA FISICA: Ip destino é: localhost
Mon Sep 2 09:36:52 -03 2019: CAMADA FISICA: Mensagem de payload é: testeMensagemOlaantonio
Mon Sep 2 09:36:52 -03 2019: CAMADA FISICA: O MAC Address de origem é: 94:39:e5:f2:54:99
Mon Sep 2 09:36:52 -03 2019: CAMADA FISICA: A comunicação está sendo feita na mesma máquina
Mon Sep 2 09:36:52 -03 2019: CAMADA FISICA: O MAC Address destino é: 94:39:e5:f2:54:99
Mon Sep 2 09:36:52 -03 2019: CAMADA FISICA: Montando PDU para envio
Mon Sep 2 09:36:52 -03 2019: CAMADA FISICA: O PDU gerado foi: 00000000000101110111010001100101011100110111010001100101010011010110010101101110011100110110000101100111011001010110110101001111011011000110000101100001011011100111010001101111011011100110100101101111
Mon Sep 2 09:36:52 -03 2019: CAMADA FISICA: Tentando enviar a pdu
Mon Sep 2 09:36:52 -03 2019: CAMADA FISICA: Erro ao enviar, nova tentativa em 10 segundos...
Mon Sep 2 09:37:02 -03 2019: CAMADA FISICA: Enviando a pdu
Mon Sep 2 09:37:07 -03 2019: CAMADA FISICA: PDU Enviada
Mon Sep 2 09:38:45 -03 2019: CAMADA FISICA: Lendo a PDU
Mon Sep 2 09:38:45 -03 2019: CAMADA FISICA: Ip destino é: localhost
Mon Sep 2 09:38:45 -03 2019: CAMADA FISICA: Mensagem de payload é: testeMensagemOlaantonio
Mon Sep 2 09:38:45 -03 2019: CAMADA FISICA: O MAC Address de origem é: 94:39:e5:f2:54:99
Mon Sep 2 09:38:45 -03 2019: CAMADA FISICA: A comunicação está sendo feita na mesma máquina
Mon Sep 2 09:38:45 -03 2019: CAMADA FISICA: O MAC Address destino é: 94:39:e5:f2:54:99
Mon Sep 2 09:38:45 -03 2019: CAMADA FISICA: Montando PDU para envio
Mon Sep 2 09:38:45 -03 2019: CAMADA FISICA: O PDU gerado foi: 00000000000101110111010001100101011100110111010001100101010011010110010101101110011100110110000101100111011001010110110101001111011011000110000101100001011011100111010001101111011011100110100101101111
Mon Sep 2 09:38:45 -03 2019: CAMADA FISICA: Tentando enviar a pdu
Mon Sep 2 09:38:45 -03 2019: CAMADA FISICA: Enviando a pdu
Mon Sep 2 09:38:50 -03 2019: CAMADA FISICA: PDU Enviada
Mon Sep 2 09:39:32 -03 2019: CAMADA FISICA: Lendo a PDU
Mon Sep 2 09:39:32 -03 2019: CAMADA FISICA: Ip destino é: localhost
Mon Sep 2 09:39:32 -03 2019: CAMADA FISICA: Mensagem de payload é: testeMensagemOlaantonio
Mon Sep 2 09:39:32 -03 2019: CAMADA FISICA: O MAC Address de origem é: 94:39:e5:f2:54:99
Mon Sep 2 09:39:32 -03 2019: CAMADA FISICA: A comunicação está sendo feita na mesma máquina
Mon Sep 2 09:39:32 -03 2019: CAMADA FISICA: O MAC Address destino é: 94:39:e5:f2:54:99
Mon Sep 2 09:39:32 -03 2019: CAMADA FISICA: Montando PDU para envio
Mon Sep 2 09:39:32 -03 2019: CAMADA FISICA: O PDU gerado foi: 10010100001110011110010111110010010101001001100110010100001110011110010111110010010101001001100100000000000101110111010001100101011100110111010001100101010011010110010101101110011100110110000101100111011001010110110101001111011011000110000101100001011011100111010001101111011011100110100101101111
Mon Sep 2 09:39:32 -03 2019: CAMADA FISICA: Tentando enviar a pdu
Mon Sep 2 09:39:32 -03 2019: CAMADA FISICA: Enviando a pdu
Mon Sep 2 09:39:37 -03 2019: CAMADA FISICA: PDU Enviada
Mon Sep 2 09:40:47 -03 2019: CAMADA FISICA: Lendo a PDU
Mon Sep 2 09:40:47 -03 2019: CAMADA FISICA: Ip destino é: localhost
Mon Sep 2 09:40:47 -03 2019: CAMADA FISICA: Mensagem de payload é: testeMensagemOlaantonio
Mon Sep 2 09:40:47 -03 2019: CAMADA FISICA: O MAC Address de origem é: 94:39:e5:f2:54:99
Mon Sep 2 09:40:47 -03 2019: CAMADA FISICA: A comunicação está sendo feita na mesma máquina
Mon Sep 2 09:40:47 -03 2019: CAMADA FISICA: O MAC Address destino é: 94:39:e5:f2:54:99
Mon Sep 2 09:40:47 -03 2019: CAMADA FISICA: Montando PDU para envio
Mon Sep 2 09:40:47 -03 2019: CAMADA FISICA: O PDU gerado foi: 10010100001110011110010111110010010101001001100110010100001110011110010111110010010101001001100100000000000101110111010001100101011100110111010001100101010011010110010101101110011100110110000101100111011001010110110101001111011011000110000101100001011011100111010001101111011011100110100101101111
Mon Sep 2 09:40:47 -03 2019: CAMADA FISICA: Tentando enviar a pdu
Mon Sep 2 09:40:47 -03 2019: CAMADA FISICA: Enviando a pdu
Mon Sep 2 09:40:52 -03 2019: CAMADA FISICA: PDU Enviada
Mon Sep 2 10:11:48 -03 2019: CAMADA FISICA: Lendo a PDU
Mon Sep 2 10:11:48 -03 2019: CAMADA FISICA: Ip destino é: localhost
Mon Sep 2 10:11:48 -03 2019: CAMADA FISICA: Mensagem de payload é: testeMensagemOla antonio
Mon Sep 2 10:11:48 -03 2019: CAMADA FISICA: O MAC Address de origem é: 94:39:e5:f2:54:99
Mon Sep 2 10:11:48 -03 2019: CAMADA FISICA: A comunicação está sendo feita na mesma máquina
Mon Sep 2 10:11:48 -03 2019: CAMADA FISICA: O MAC Address destino é: 94:39:e5:f2:54:99
Mon Sep 2 10:11:49 -03 2019: CAMADA FISICA: Montando PDU para envio
Mon Sep 2 10:11:49 -03 2019: CAMADA FISICA: O PDU gerado foi: 1001010000111001111001011111001001010100100110011001010000111001111001011111001001010100100110010000000000011000011101000110010101110011011101000110010101001101011001010110111001110011011000010110011101100101011011010100111101101100011000010010000001100001011011100111010001101111011011100110100101101111
Mon Sep 2 10:11:49 -03 2019: CAMADA FISICA: Tentando enviar a pdu
Mon Sep 2 10:11:49 -03 2019: CAMADA FISICA: Erro ao enviar, nova tentativa em 5 segundos...
Mon Sep 2 10:11:54 -03 2019: CAMADA FISICA: Erro ao enviar, nova tentativa em 7 segundos...
Mon Sep 2 10:12:01 -03 2019: CAMADA FISICA: Enviando a pdu
Mon Sep 2 10:12:06 -03 2019: CAMADA FISICA: PDU Enviada
