Sun Sep 1 23:53:46 -03 2019: CAMADA FISICA: Esperando conex√£o...
Sun Sep 1 23:53:57 -03 2019: CAMADA FISICA: PDU Recebida 10010100001110011110010111110010010101001001100110010100001110011110010111110010010101001001100100000000000101110111010001100101011100110111010001100101010011010110010101101110011100110110000101100111011001010110110101001111011011000110000101100001011011100111010001101111011011100110100101101111
Sun Sep 1 23:53:57 -03 2019: CAMADA FISICA: Decodificando a PDU...
Sun Sep 1 23:53:57 -03 2019: CAMADA FISICA: MAC Address Origem: 94:39:E5:F2:54:99
Sun Sep 1 23:53:57 -03 2019: CAMADA FISICA: MAC Address Destino: 94:39:E5:F2:54:99
Sun Sep 1 23:53:57 -03 2019: CAMADA FISICA: Tamanho do Payload: 23
Sun Sep 1 23:53:57 -03 2019: CAMADA FISICA: Payload: testeMensagemOlaantonio
Sun Sep 1 23:53:57 -03 2019: CAMADA FISICA: Criado PDU para camada de rede...
Sun Sep 1 23:53:57 -03 2019: CAMADA FISICA: PDU Criada, fim do servi√ßo.
Mon Sep 2 09:23:04 -03 2019: CAMADA FISICA: Esperando conex√£o...
Mon Sep 2 09:23:48 -03 2019: CAMADA FISICA: PDU Recebida 00000000000101110111010001100101011100110111010001100101010011010110010101101110011100110110000101100111011001010110110101001111011011000110000101100001011011100111010001101111011011100110100101101111
Mon Sep 2 09:23:48 -03 2019: CAMADA FISICA: Decodificando a PDU...
Mon Sep 2 09:23:48 -03 2019: CAMADA FISICA: MAC Address Origem: 65:4D:65:6E:73:61
Mon Sep 2 09:23:48 -03 2019: CAMADA FISICA: MAC Address Destino: 17:74:65:73:74:
Mon Sep 2 09:23:48 -03 2019: CAMADA FISICA: Tamanho do Payload: 26469
Mon Sep 2 09:23:48 -03 2019: CAMADA FISICA: Payload: mOlaantonio
Mon Sep 2 09:23:48 -03 2019: CAMADA FISICA: Criado PDU para camada de rede...
Mon Sep 2 09:23:48 -03 2019: CAMADA FISICA: PDU Criada, fim do servi√ßo.
Mon Sep 2 09:26:56 -03 2019: CAMADA FISICA: Esperando conex√£o...
Mon Sep 2 09:27:04 -03 2019: CAMADA FISICA: PDU Recebida 00000000000101110111010001100101011100110111010001100101010011010110010101101110011100110110000101100111011001010110110101001111011011000110000101100001011011100111010001101111011011100110100101101111
Mon Sep 2 09:27:04 -03 2019: CAMADA FISICA: Decodificando a PDU...
Mon Sep 2 09:27:04 -03 2019: CAMADA FISICA: MAC Address Origem: 65:4D:65:6E:73:61
Mon Sep 2 09:27:04 -03 2019: CAMADA FISICA: MAC Address Destino: 17:74:65:73:74:
Mon Sep 2 09:27:04 -03 2019: CAMADA FISICA: Tamanho do Payload: 26469
Mon Sep 2 09:27:04 -03 2019: CAMADA FISICA: Payload: mOlaantonio
Mon Sep 2 09:27:04 -03 2019: CAMADA FISICA: Criado PDU para camada de rede...
Mon Sep 2 09:27:04 -03 2019: CAMADA FISICA: PDU Criada, fim do servi√ßo.
Mon Sep 2 09:29:46 -03 2019: CAMADA FISICA: Esperando conex√£o...
Mon Sep 2 09:30:12 -03 2019: CAMADA FISICA: PDU Recebida 00000000000101110111010001100101011100110111010001100101010011010110010101101110011100110110000101100111011001010110110101001111011011000110000101100001011011100111010001101111011011100110100101101111
Mon Sep 2 09:30:12 -03 2019: CAMADA FISICA: Decodificando a PDU...
Mon Sep 2 09:30:12 -03 2019: CAMADA FISICA: MAC Address Origem: 65:4D:65:6E:73:61
Mon Sep 2 09:30:12 -03 2019: CAMADA FISICA: MAC Address Destino: 17:74:65:73:74:
Mon Sep 2 09:30:12 -03 2019: CAMADA FISICA: Tamanho do Payload: 26469
Mon Sep 2 09:30:12 -03 2019: CAMADA FISICA: Payload: mOlaantonio
Mon Sep 2 09:30:12 -03 2019: CAMADA FISICA: Criado PDU para camada de rede...
Mon Sep 2 09:30:12 -03 2019: CAMADA FISICA: PDU Criada, fim do servi√ßo.
Mon Sep 2 09:36:20 -03 2019: CAMADA FISICA: Esperando conex√£o...
Mon Sep 2 09:37:07 -03 2019: CAMADA FISICA: PDU Recebida 00000000000101110111010001100101011100110111010001100101010011010110010101101110011100110110000101100111011001010110110101001111011011000110000101100001011011100111010001101111011011100110100101101111
Mon Sep 2 09:37:07 -03 2019: CAMADA FISICA: Decodificando a PDU...
Mon Sep 2 09:37:07 -03 2019: CAMADA FISICA: MAC Address Origem: 65:4D:65:6E:73:61
Mon Sep 2 09:37:07 -03 2019: CAMADA FISICA: MAC Address Destino: 17:74:65:73:74:
Mon Sep 2 09:37:07 -03 2019: CAMADA FISICA: Tamanho do Payload: 26469
Mon Sep 2 09:37:07 -03 2019: CAMADA FISICA: Payload: mOlaantonio
Mon Sep 2 09:37:07 -03 2019: CAMADA FISICA: Criado PDU para camada de rede...
Mon Sep 2 09:37:07 -03 2019: CAMADA FISICA: PDU Criada, fim do servi√ßo.
Mon Sep 2 09:38:41 -03 2019: CAMADA FISICA: Esperando conex√£o...
Mon Sep 2 09:38:50 -03 2019: CAMADA FISICA: PDU Recebida 00000000000101110111010001100101011100110111010001100101010011010110010101101110011100110110000101100111011001010110110101001111011011000110000101100001011011100111010001101111011011100110100101101111
Mon Sep 2 09:38:50 -03 2019: CAMADA FISICA: Decodificando a PDU...
Mon Sep 2 09:38:50 -03 2019: CAMADA FISICA: MAC Address Origem: 65:4D:65:6E:73:61
Mon Sep 2 09:38:50 -03 2019: CAMADA FISICA: MAC Address Destino: 17:74:65:73:74:
Mon Sep 2 09:38:50 -03 2019: CAMADA FISICA: Tamanho do Payload: 26469
Mon Sep 2 09:38:50 -03 2019: CAMADA FISICA: Payload: mOlaantonio
Mon Sep 2 09:38:50 -03 2019: CAMADA FISICA: Criado PDU para camada de rede...
Mon Sep 2 09:38:50 -03 2019: CAMADA FISICA: PDU Criada, fim do servi√ßo.
Mon Sep 2 09:39:26 -03 2019: CAMADA FISICA: Esperando conex√£o...
Mon Sep 2 09:39:37 -03 2019: CAMADA FISICA: PDU Recebida 10010100001110011110010111110010010101001001100110010100001110011110010111110010010101001001100100000000000101110111010001100101011100110111010001100101010011010110010101101110011100110110000101100111011001010110110101001111011011000110000101100001011011100111010001101111011011100110100101101111
Mon Sep 2 09:39:37 -03 2019: CAMADA FISICA: Decodificando a PDU...
Mon Sep 2 09:39:37 -03 2019: CAMADA FISICA: MAC Address Origem: 94:39:E5:F2:54:99
Mon Sep 2 09:39:37 -03 2019: CAMADA FISICA: MAC Address Destino: 94:39:E5:F2:54:99
Mon Sep 2 09:39:38 -03 2019: CAMADA FISICA: Tamanho do Payload: 23
Mon Sep 2 09:39:38 -03 2019: CAMADA FISICA: Payload: testeMensagemOlaantonio
Mon Sep 2 09:39:38 -03 2019: CAMADA FISICA: Criado PDU para camada de rede...
Mon Sep 2 09:39:38 -03 2019: CAMADA FISICA: PDU Criada, fim do servi√ßo.
Mon Sep 2 09:40:43 -03 2019: CAMADA FISICA: Esperando conex√£o...
Mon Sep 2 09:40:52 -03 2019: CAMADA FISICA: PDU Recebida 10010100001110011110010111110010010101001001100110010100001110011110010111110010010101001001100100000000000101110111010001100101011100110111010001100101010011010110010101101110011100110110000101100111011001010110110101001111011011000110000101100001011011100111010001101111011011100110100101101111
Mon Sep 2 09:40:52 -03 2019: CAMADA FISICA: Decodificando a PDU...
Mon Sep 2 09:40:52 -03 2019: CAMADA FISICA: MAC Address Origem: 94:39:E5:F2:54:99
Mon Sep 2 09:40:52 -03 2019: CAMADA FISICA: MAC Address Destino: 94:39:E5:F2:54:99
Mon Sep 2 09:40:52 -03 2019: CAMADA FISICA: Tamanho do Payload: 23
Mon Sep 2 09:40:52 -03 2019: CAMADA FISICA: Payload: testeMensagemOlaantonio
Mon Sep 2 09:40:52 -03 2019: CAMADA FISICA: Criado PDU para camada de rede...
Mon Sep 2 09:40:52 -03 2019: CAMADA FISICA: PDU Criada, fim do servi√ßo.
Mon Sep 2 10:11:44 -03 2019: CAMADA FISICA: Esperando conex√£o...
Mon Sep 2 10:12:06 -03 2019: CAMADA FISICA: PDU Recebida 1001010000111001111001011111001001010100100110011001010000111001111001011111001001010100100110010000000000011000011101000110010101110011011101000110010101001101011001010110111001110011011000010110011101100101011011010100111101101100011000010010000001100001011011100111010001101111011011100110100101101111
Mon Sep 2 10:12:06 -03 2019: CAMADA FISICA: Decodificando a PDU...
Mon Sep 2 10:12:06 -03 2019: CAMADA FISICA: MAC Address Origem: 94:39:E5:F2:54:99
Mon Sep 2 10:12:06 -03 2019: CAMADA FISICA: MAC Address Destino: 94:39:E5:F2:54:99
Mon Sep 2 10:12:06 -03 2019: CAMADA FISICA: Tamanho do Payload: 24
Mon Sep 2 10:12:06 -03 2019: CAMADA FISICA: Payload: testeMensagemOla antonio
Mon Sep 2 10:12:06 -03 2019: CAMADA FISICA: Criado PDU para camada de rede...
Mon Sep 2 10:12:06 -03 2019: CAMADA FISICA: PDU Criada, fim do servi√ßo.
Mon Sep 2 10:14:54 -03 2019: CAMADA FISICA: Esperando conex√£o...
Mon Sep 2 10:15:54 -03 2019: CAMADA FISICA: PDU Recebida 100101000011100111100101111100100101010010011001100101000101001100110000111111101111010110001111000000000011001011000000101010000000001001100101010101010101010101
Mon Sep 2 10:15:54 -03 2019: CAMADA FISICA: Decodificando a PDU...
Mon Sep 2 10:15:54 -03 2019: CAMADA FISICA: MAC Address Origem: 94:53:30:FE:F5:8F
Mon Sep 2 10:15:54 -03 2019: CAMADA FISICA: MAC Address Destino: 94:39:E5:F2:54:99
Mon Sep 2 10:15:54 -03 2019: CAMADA FISICA: Tamanho do Payload: 50
Mon Sep 2 10:15:54 -03 2019: CAMADA FISICA: Payload: ¿®eUU@
Mon Sep 2 10:15:54 -03 2019: CAMADA FISICA: Criado PDU para camada de rede...
Mon Sep 2 10:15:54 -03 2019: CAMADA FISICA: PDU Criada, fim do servi√ßo.
